<?xml version="1.0" encoding="UTF-8"?>
<!-- Generated by org.testng.reporters.JUnitReportReporter -->
<testsuite hostname="Dev-Macbook.local" name="maven.LoginTest" tests="1" failures="0" timestamp="11 Mar 2017 23:19:14 GMT" time="5.949" errors="0">
  <testcase name="verifyFacebookLogin" time="5.949" classname="maven.LoginTest"/>
</testsuite> <!-- maven.LoginTest -->
